<?xml version="1.0" encoding="utf-8"?>
<shfbBuild product="Sandcastle Help File Builder" version="2014.5.31.0" projectFile="D:\git\misterious-game\documentation\Battle Field 7 Help.shfbproj" started="13.7.2014 г. 14:52:16 ч.">
<buildStep step="Initializing">
Finding tools...
The Sandcastle tools are located in &#39;D:\Program Files\EWSoftware\Sandcastle Help File Builder\&#39;
Searching for HTML Help 1 compiler...
Found HTML Help 1 compiler in &#39;C:\Program Files\HTML Help Workshop\&#39;
Locating components in the following folder(s):
   D:\git\misterious-game\documentation
Using presentation style &#39;VS2013&#39; located in &#39;D:\Program Files\EWSoftware\Sandcastle Help File Builder\PresentationStyles\VS2013&#39;
Loading and initializing plug-ins...
Lightweight Website Style Version 2014.5.31.0
Copyright &#169; 2006-2014, Eric Woodruff, All Rights Reserved
Portions Copyright &#169; 2014, Sam Harwell, All Rights Reserved
</buildStep>
<buildStep step="ValidatingDocumentationSources">
Validating and copying documentation source information
Source: D:\git\misterious-game\bin\Debug\BattleField7.exe
    Found assembly &#39;D:\git\misterious-game\bin\Debug\BattleField7.exe&#39;
Source: D:\git\misterious-game\bin\Debug\BattleField7.xml

Copying XML comments files
    D:\git\misterious-game\bin\Debug\BattleField7.XML -&gt; D:\git\misterious-game\documentation\Help\Working\BattleField7.XML
</buildStep>
<buildStep step="GenerateSharedContent">
Generating shared content files (en-US, English (United States))...
<plugIn name="Lightweight Website Style" behavior="After" priority="1000">
</plugIn>    Last step completed in 00:00:00.1152
</buildStep>
<buildStep step="GenerateApiFilter">
Generating API filter for MRefBuilder...
    Last step completed in 00:00:00.0205
</buildStep>
<buildStep step="GenerateReflectionInfo">
Generating reflection information...
[C:\Windows\Microsoft.NET\Framework\v4.0.30319\MSBuild.exe]
Build started 13.7.2014 Ј. 14:52:18 з..
Project &quot;D:\git\misterious-game\documentation\Help\Working\GenerateRefInfo.proj&quot; on node 1 (default targets).
PrepareForBuild:
  Creating directory &quot;obj\Debug\&quot;.
GenerateRefInfo:
  MRefBuilder (v2014.5.31.0)
  Copyright c 2006-2014, Microsoft Corporation, All Rights Reserved.
  Portions Copyright c 2006-2014, Eric Woodruff, All Rights Reserved.
  Loaded 1 assemblies for reflection and 1 dependency assemblies.
  Wrote information on 2 namespaces, 17 types, and 132 members
  Copying file from &quot;reflection.org&quot; to &quot;reflection.all&quot;.
  XslTransform (v2014.5.31.0)
  Copyright c 2006-2014, Microsoft Corporation, All Rights Reserved.
  Portions Copyright c 2006-2014, Eric Woodruff, All Rights Reserved.
  Applying XSL transformation &#39;D:\Program Files\EWSoftware\Sandcastle Help File Builder\ProductionTransforms\MergeDuplicates.xsl&#39;.
Done Building Project &quot;D:\git\misterious-game\documentation\Help\Working\GenerateRefInfo.proj&quot; (default targets).

Build succeeded.

Time Elapsed 00:00:01.51
    Last step completed in 00:00:01.6768
</buildStep>
<buildStep step="TransformReflectionInfo">
Transforming reflection output...
[C:\Windows\Microsoft.NET\Framework\v4.0.30319\MSBuild.exe]
Build started 13.7.2014 Ј. 14:52:20 з..
Project &quot;D:\git\misterious-game\documentation\Help\Working\TransformManifest.proj&quot; on node 1 (default targets).
TransformManifest:
  XslTransform (v2014.5.31.0)
  Copyright c 2006-2014, Microsoft Corporation, All Rights Reserved.
  Portions Copyright c 2006-2014, Eric Woodruff, All Rights Reserved.
  Applying XSL transformation &#39;D:\Program Files\EWSoftware\Sandcastle Help File Builder\\ProductionTransforms\ApplyVSDocModel.xsl&#39;.
  Copying file from &quot;reflection.xml&quot; to &quot;reflection.nofilenames&quot;.
  XslTransform (v2014.5.31.0)
  Copyright c 2006-2014, Microsoft Corporation, All Rights Reserved.
  Portions Copyright c 2006-2014, Eric Woodruff, All Rights Reserved.
  Applying XSL transformation &#39;D:\Program Files\EWSoftware\Sandcastle Help File Builder\ProductionTransforms\AddFilenames.xsl&#39;.
  XslTransform (v2014.5.31.0)
  Copyright c 2006-2014, Microsoft Corporation, All Rights Reserved.
  Portions Copyright c 2006-2014, Eric Woodruff, All Rights Reserved.
  Applying XSL transformation &#39;D:\Program Files\EWSoftware\Sandcastle Help File Builder\ProductionTransforms\ReflectionToManifest.xsl&#39;.
Done Building Project &quot;D:\git\misterious-game\documentation\Help\Working\TransformManifest.proj&quot; (default targets).

Build succeeded.

Time Elapsed 00:00:02.96
    Last step completed in 00:00:03.2021
</buildStep>
<buildStep step="GenerateNamespaceSummaries">
Generating namespace summary information...
    Last step completed in 00:00:00.1182
</buildStep>
<buildStep step="CopyAdditionalContent">
Copying additional content files...
No additional content to copy
    Last step completed in 00:00:00.0088
</buildStep>
<buildStep step="MergeTablesOfContents">
Merging conceptual and additional tables of contents...
    Last step completed in 00:00:00.0039
</buildStep>
<buildStep step="GenerateIntermediateTableOfContents">
Generating intermediate table of contents file...
[C:\Windows\Microsoft.NET\Framework\v4.0.30319\MSBuild.exe]
Build started 13.7.2014 Ј. 14:52:23 з..
Project &quot;D:\git\misterious-game\documentation\Help\Working\GenerateIntermediateTOC.proj&quot; on node 1 (default targets).
GenerateIntermediateTOC:
  XslTransform (v2014.5.31.0)
  Copyright c 2006-2014, Microsoft Corporation, All Rights Reserved.
  Portions Copyright c 2006-2014, Eric Woodruff, All Rights Reserved.
  Applying XSL transformation &#39;D:\Program Files\EWSoftware\Sandcastle Help File Builder\\ProductionTransforms\CreateVSToc.xsl&#39;.
Done Building Project &quot;D:\git\misterious-game\documentation\Help\Working\GenerateIntermediateTOC.proj&quot; (default targets).

Build succeeded.

Time Elapsed 00:00:00.37
Generating conceptual content intermediate TOC file...
    Last step completed in 00:00:00.5313
</buildStep>
<buildStep step="CreateBuildAssemblerConfigs">
Creating Sandcastle configuration files...
    sandcastle.config
    Last step completed in 00:00:01.2314
</buildStep>
<buildStep step="MergeCustomConfigs">
Merging custom build component configurations
D:\git\misterious-game\documentation\Help\Working\sandcastle.config
    Last step completed in 00:00:00.1455
</buildStep>
<buildStep step="BuildReferenceTopics">
Building reference help topics...
[C:\Windows\Microsoft.NET\Framework\v4.0.30319\MSBuild.exe]
Build started 13.7.2014 Ј. 14:52:25 з..
Project &quot;D:\git\misterious-game\documentation\Help\Working\BuildReferenceTopics.proj&quot; on node 1 (default targets).
BuildReferenceTopics:
  BuildAssembler (v2014.5.31.0)
  Copyright c 2006-2014, Microsoft Corporation, All Rights Reserved.
  Portions Copyright c 2006-2014, Eric Woodruff, All Rights Reserved.
  Loading configuration...
  Processing topics...
BuildAssembler : warning : ShowMissingComponent: [N:BattleField7Namespace] Missing &lt;summary&gt; documentation [D:\git\misterious-game\documentation\Help\Working\BuildReferenceTopics.proj]
BuildAssembler : warning : ShowMissingComponent: [T:BattleField7Namespace.BattleFieldGame] Missing &lt;summary&gt; documentation [D:\git\misterious-game\documentation\Help\Working\BuildReferenceTopics.proj]
BuildAssembler : warning : ShowMissingComponent: [F:BattleField7Namespace.BattleFieldGame.logger] Missing &lt;summary&gt; documentation [D:\git\misterious-game\documentation\Help\Working\BuildReferenceTopics.proj]
BuildAssembler : warning : ShowMissingComponent: [M:BattleField7Namespace.ConsoleUI.AskForPositionInput(System.String)] Missing &lt;returns&gt; documentation [D:\git\misterious-game\documentation\Help\Working\BuildReferenceTopics.proj]
BuildAssembler : warning : ShowMissingComponent: [M:BattleField7Namespace.ConsoleUI.AskForPositionInput(System.String)] Missing &lt;param name=&quot;message&quot;/&gt; documentation [D:\git\misterious-game\documentation\Help\Working\BuildReferenceTopics.proj]
BuildAssembler : warning : ShowMissingComponent: [M:BattleField7Namespace.ConsoleUI.AskForSizeInput(System.String)] Missing &lt;returns&gt; documentation [D:\git\misterious-game\documentation\Help\Working\BuildReferenceTopics.proj]
BuildAssembler : warning : ShowMissingComponent: [M:BattleField7Namespace.ConsoleUI.AskForSizeInput(System.String)] Missing &lt;param name=&quot;message&quot;/&gt; documentation [D:\git\misterious-game\documentation\Help\Working\BuildReferenceTopics.proj]
BuildAssembler : warning : ShowMissingComponent: [M:BattleField7Namespace.Engine.InitializeGameField(System.Int32,System.Int32)] Missing &lt;returns&gt; documentation [D:\git\misterious-game\documentation\Help\Working\BuildReferenceTopics.proj]
BuildAssembler : warning : ShowMissingComponent: [M:BattleField7Namespace.Engine.TryGetCoords(System.String,System.Int32,System.Int32,System.Int32@,System.Int32@)] Missing &lt;returns&gt; documentation [D:\git\misterious-game\documentation\Help\Working\BuildReferenceTopics.proj]
BuildAssembler : warning : ShowMissingComponent: [M:BattleField7Namespace.IUserInterface.AskForPositionInput(System.String)] Missing &lt;returns&gt; documentation [D:\git\misterious-game\documentation\Help\Working\BuildReferenceTopics.proj]
BuildAssembler : warning : ShowMissingComponent: [M:BattleField7Namespace.IUserInterface.AskForPositionInput(System.String)] Missing &lt;param name=&quot;message&quot;/&gt; documentation [D:\git\misterious-game\documentation\Help\Working\BuildReferenceTopics.proj]
BuildAssembler : warning : ShowMissingComponent: [M:BattleField7Namespace.IUserInterface.AskForSizeInput(System.String)] Missing &lt;returns&gt; documentation [D:\git\misterious-game\documentation\Help\Working\BuildReferenceTopics.proj]
BuildAssembler : warning : ShowMissingComponent: [M:BattleField7Namespace.IUserInterface.AskForSizeInput(System.String)] Missing &lt;param name=&quot;message&quot;/&gt; documentation [D:\git\misterious-game\documentation\Help\Working\BuildReferenceTopics.proj]
BuildAssembler : warning : ResolveReferenceLinksComponent: [T:BattleField7Namespace.PopupSizeInput] MSDN URL not found for target &#39;P:System.Windows.Forms.ScrollableControl.System#Windows#Forms#Layout#IArrangedElement#DisplayRectangle&#39;. [D:\git\misterious-game\documentation\Help\Working\BuildReferenceTopics.proj]
BuildAssembler : warning : ResolveReferenceLinksComponent: [T:BattleField7Namespace.PopupSizeInput] MSDN URL not found for target &#39;P:System.Windows.Forms.ScrollableControl.System#Windows#Forms#Layout#IArrangedElement#DisplayRectangle&#39;. [D:\git\misterious-game\documentation\Help\Working\BuildReferenceTopics.proj]
BuildAssembler : warning : ResolveReferenceLinksComponent: [Properties.T:BattleField7Namespace.PopupSizeInput] MSDN URL not found for target &#39;P:System.Windows.Forms.ScrollableControl.System#Windows#Forms#Layout#IArrangedElement#DisplayRectangle&#39;. [D:\git\misterious-game\documentation\Help\Working\BuildReferenceTopics.proj]
BuildAssembler : warning : ResolveReferenceLinksComponent: [Properties.T:BattleField7Namespace.PopupSizeInput] MSDN URL not found for target &#39;P:System.Windows.Forms.ScrollableControl.System#Windows#Forms#Layout#IArrangedElement#DisplayRectangle&#39;. [D:\git\misterious-game\documentation\Help\Working\BuildReferenceTopics.proj]
BuildAssembler : warning : ShowMissingComponent: [F:BattleField7Namespace.PopupSizeInput.button1] Missing &lt;summary&gt; documentation [D:\git\misterious-game\documentation\Help\Working\BuildReferenceTopics.proj]
BuildAssembler : warning : ShowMissingComponent: [F:BattleField7Namespace.PopupSizeInput.label1] Missing &lt;summary&gt; documentation [D:\git\misterious-game\documentation\Help\Working\BuildReferenceTopics.proj]
BuildAssembler : warning : ShowMissingComponent: [F:BattleField7Namespace.PopupSizeInput.textBox] Missing &lt;summary&gt; documentation [D:\git\misterious-game\documentation\Help\Working\BuildReferenceTopics.proj]
BuildAssembler : warning : ResolveReferenceLinksComponent: [T:BattleField7Namespace.WinFormsUI] MSDN URL not found for target &#39;P:System.Windows.Forms.ScrollableControl.System#Windows#Forms#Layout#IArrangedElement#DisplayRectangle&#39;. [D:\git\misterious-game\documentation\Help\Working\BuildReferenceTopics.proj]
BuildAssembler : warning : ResolveReferenceLinksComponent: [T:BattleField7Namespace.WinFormsUI] MSDN URL not found for target &#39;P:System.Windows.Forms.ScrollableControl.System#Windows#Forms#Layout#IArrangedElement#DisplayRectangle&#39;. [D:\git\misterious-game\documentation\Help\Working\BuildReferenceTopics.proj]
BuildAssembler : warning : ResolveReferenceLinksComponent: [Properties.T:BattleField7Namespace.WinFormsUI] MSDN URL not found for target &#39;P:System.Windows.Forms.ScrollableControl.System#Windows#Forms#Layout#IArrangedElement#DisplayRectangle&#39;. [D:\git\misterious-game\documentation\Help\Working\BuildReferenceTopics.proj]
BuildAssembler : warning : ResolveReferenceLinksComponent: [Properties.T:BattleField7Namespace.WinFormsUI] MSDN URL not found for target &#39;P:System.Windows.Forms.ScrollableControl.System#Windows#Forms#Layout#IArrangedElement#DisplayRectangle&#39;. [D:\git\misterious-game\documentation\Help\Working\BuildReferenceTopics.proj]
BuildAssembler : warning : ShowMissingComponent: [M:BattleField7Namespace.WinFormsUI.AskForPositionInput(System.String)] Missing &lt;param name=&quot;message&quot;/&gt; documentation [D:\git\misterious-game\documentation\Help\Working\BuildReferenceTopics.proj]
BuildAssembler : warning : ShowMissingComponent: [M:BattleField7Namespace.WinFormsUI.AskForSizeInput(System.String)] Missing &lt;param name=&quot;message&quot;/&gt; documentation [D:\git\misterious-game\documentation\Help\Working\BuildReferenceTopics.proj]
BuildAssembler : warning : ShowMissingComponent: [F:BattleField7Namespace.WinFormsUI.bombsCountLabel] Missing &lt;summary&gt; documentation [D:\git\misterious-game\documentation\Help\Working\BuildReferenceTopics.proj]
BuildAssembler : warning : ShowMissingComponent: [F:BattleField7Namespace.WinFormsUI.bombsLabel] Missing &lt;summary&gt; documentation [D:\git\misterious-game\documentation\Help\Working\BuildReferenceTopics.proj]
BuildAssembler : warning : ShowMissingComponent: [F:BattleField7Namespace.WinFormsUI.col1] Missing &lt;summary&gt; documentation [D:\git\misterious-game\documentation\Help\Working\BuildReferenceTopics.proj]
BuildAssembler : warning : ShowMissingComponent: [F:BattleField7Namespace.WinFormsUI.gameFieldGridView] Missing &lt;summary&gt; documentation [D:\git\misterious-game\documentation\Help\Working\BuildReferenceTopics.proj]
BuildAssembler : warning : ShowMissingComponent: [F:BattleField7Namespace.WinFormsUI.messagesListView] Missing &lt;summary&gt; documentation [D:\git\misterious-game\documentation\Help\Working\BuildReferenceTopics.proj]
BuildAssembler : warning : ShowMissingComponent: [F:BattleField7Namespace.WinFormsUI.turnsCountLabel] Missing &lt;summary&gt; documentation [D:\git\misterious-game\documentation\Help\Working\BuildReferenceTopics.proj]
BuildAssembler : warning : ShowMissingComponent: [F:BattleField7Namespace.WinFormsUI.turnsLabel] Missing &lt;summary&gt; documentation [D:\git\misterious-game\documentation\Help\Working\BuildReferenceTopics.proj]
BuildAssembler : warning : ShowMissingComponent: [N:BattleField7Namespace.InitialGameClass] Missing &lt;summary&gt; documentation [D:\git\misterious-game\documentation\Help\Working\BuildReferenceTopics.proj]
BuildAssembler : warning : ShowMissingComponent: [M:BattleField7Namespace.InitialGameClass.BattleGame.AllMinesCleared] Missing &lt;summary&gt; documentation [D:\git\misterious-game\documentation\Help\Working\BuildReferenceTopics.proj]
BuildAssembler : warning : ShowMissingComponent: [M:BattleField7Namespace.InitialGameClass.BattleGame.AllMinesCleared] Missing &lt;returns&gt; documentation [D:\git\misterious-game\documentation\Help\Working\BuildReferenceTopics.proj]
BuildAssembler : warning : ShowMissingComponent: [M:BattleField7Namespace.InitialGameClass.BattleGame.BombFive(System.Int32,System.Int32)] Missing &lt;summary&gt; documentation [D:\git\misterious-game\documentation\Help\Working\BuildReferenceTopics.proj]
BuildAssembler : warning : ShowMissingComponent: [M:BattleField7Namespace.InitialGameClass.BattleGame.BombFive(System.Int32,System.Int32)] Missing &lt;param name=&quot;row&quot;/&gt; documentation [D:\git\misterious-game\documentation\Help\Working\BuildReferenceTopics.proj]
BuildAssembler : warning : ShowMissingComponent: [M:BattleField7Namespace.InitialGameClass.BattleGame.BombFive(System.Int32,System.Int32)] Missing &lt;param name=&quot;column&quot;/&gt; documentation [D:\git\misterious-game\documentation\Help\Working\BuildReferenceTopics.proj]
BuildAssembler : warning : ShowMissingComponent: [M:BattleField7Namespace.InitialGameClass.BattleGame.BombFour(System.Int32,System.Int32)] Missing &lt;summary&gt; documentation [D:\git\misterious-game\documentation\Help\Working\BuildReferenceTopics.proj]
BuildAssembler : warning : ShowMissingComponent: [M:BattleField7Namespace.InitialGameClass.BattleGame.BombFour(System.Int32,System.Int32)] Missing &lt;param name=&quot;row&quot;/&gt; documentation [D:\git\misterious-game\documentation\Help\Working\BuildReferenceTopics.proj]
BuildAssembler : warning : ShowMissingComponent: [M:BattleField7Namespace.InitialGameClass.BattleGame.BombFour(System.Int32,System.Int32)] Missing &lt;param name=&quot;column&quot;/&gt; documentation [D:\git\misterious-game\documentation\Help\Working\BuildReferenceTopics.proj]
BuildAssembler : warning : ShowMissingComponent: [M:BattleField7Namespace.InitialGameClass.BattleGame.BombOne(System.Int32,System.Int32)] Missing &lt;summary&gt; documentation [D:\git\misterious-game\documentation\Help\Working\BuildReferenceTopics.proj]
BuildAssembler : warning : ShowMissingComponent: [M:BattleField7Namespace.InitialGameClass.BattleGame.BombOne(System.Int32,System.Int32)] Missing &lt;param name=&quot;row&quot;/&gt; documentation [D:\git\misterious-game\documentation\Help\Working\BuildReferenceTopics.proj]
BuildAssembler : warning : ShowMissingComponent: [M:BattleField7Namespace.InitialGameClass.BattleGame.BombOne(System.Int32,System.Int32)] Missing &lt;param name=&quot;column&quot;/&gt; documentation [D:\git\misterious-game\documentation\Help\Working\BuildReferenceTopics.proj]
BuildAssembler : warning : ShowMissingComponent: [M:BattleField7Namespace.InitialGameClass.BattleGame.BombThree(System.Int32,System.Int32)] Missing &lt;summary&gt; documentation [D:\git\misterious-game\documentation\Help\Working\BuildReferenceTopics.proj]
BuildAssembler : warning : ShowMissingComponent: [M:BattleField7Namespace.InitialGameClass.BattleGame.BombThree(System.Int32,System.Int32)] Missing &lt;param name=&quot;row&quot;/&gt; documentation [D:\git\misterious-game\documentation\Help\Working\BuildReferenceTopics.proj]
BuildAssembler : warning : ShowMissingComponent: [M:BattleField7Namespace.InitialGameClass.BattleGame.BombThree(System.Int32,System.Int32)] Missing &lt;param name=&quot;column&quot;/&gt; documentation [D:\git\misterious-game\documentation\Help\Working\BuildReferenceTopics.proj]
BuildAssembler : warning : ShowMissingComponent: [M:BattleField7Namespace.InitialGameClass.BattleGame.BombTwo(System.Int32,System.Int32)] Missing &lt;summary&gt; documentation [D:\git\misterious-game\documentation\Help\Working\BuildReferenceTopics.proj]
BuildAssembler : warning : ShowMissingComponent: [M:BattleField7Namespace.InitialGameClass.BattleGame.BombTwo(System.Int32,System.Int32)] Missing &lt;param name=&quot;row&quot;/&gt; documentation [D:\git\misterious-game\documentation\Help\Working\BuildReferenceTopics.proj]
BuildAssembler : warning : ShowMissingComponent: [M:BattleField7Namespace.InitialGameClass.BattleGame.BombTwo(System.Int32,System.Int32)] Missing &lt;param name=&quot;column&quot;/&gt; documentation [D:\git\misterious-game\documentation\Help\Working\BuildReferenceTopics.proj]
BuildAssembler : warning : ShowMissingComponent: [M:BattleField7Namespace.InitialGameClass.BattleGame.DetonateMine(System.Int32,System.Int32)] Missing &lt;summary&gt; documentation [D:\git\misterious-game\documentation\Help\Working\BuildReferenceTopics.proj]
BuildAssembler : warning : ShowMissingComponent: [M:BattleField7Namespace.InitialGameClass.BattleGame.DetonateMine(System.Int32,System.Int32)] Missing &lt;param name=&quot;row&quot;/&gt; documentation [D:\git\misterious-game\documentation\Help\Working\BuildReferenceTopics.proj]
BuildAssembler : warning : ShowMissingComponent: [M:BattleField7Namespace.InitialGameClass.BattleGame.DetonateMine(System.Int32,System.Int32)] Missing &lt;param name=&quot;column&quot;/&gt; documentation [D:\git\misterious-game\documentation\Help\Working\BuildReferenceTopics.proj]
BuildAssembler : warning : ShowMissingComponent: [M:BattleField7Namespace.InitialGameClass.BattleGame.DiagonalSplash(System.Int32,System.Int32,System.Int32)] Missing &lt;param name=&quot;row&quot;/&gt; documentation [D:\git\misterious-game\documentation\Help\Working\BuildReferenceTopics.proj]
BuildAssembler : warning : ShowMissingComponent: [M:BattleField7Namespace.InitialGameClass.BattleGame.DiagonalSplash(System.Int32,System.Int32,System.Int32)] Missing &lt;param name=&quot;column&quot;/&gt; documentation [D:\git\misterious-game\documentation\Help\Working\BuildReferenceTopics.proj]
BuildAssembler : warning : ShowMissingComponent: [M:BattleField7Namespace.InitialGameClass.BattleGame.DiagonalSplash(System.Int32,System.Int32,System.Int32)] Missing &lt;param name=&quot;range&quot;/&gt; documentation [D:\git\misterious-game\documentation\Help\Working\BuildReferenceTopics.proj]
BuildAssembler : warning : ShowMissingComponent: [M:BattleField7Namespace.InitialGameClass.BattleGame.DrawField] Missing &lt;summary&gt; documentation [D:\git\misterious-game\documentation\Help\Working\BuildReferenceTopics.proj]
BuildAssembler : warning : ShowMissingComponent: [F:BattleField7Namespace.InitialGameClass.BattleGame.field] Missing &lt;summary&gt; documentation [D:\git\misterious-game\documentation\Help\Working\BuildReferenceTopics.proj]
BuildAssembler : warning : ShowMissingComponent: [F:BattleField7Namespace.InitialGameClass.BattleGame.fieldSize] Missing &lt;summary&gt; documentation [D:\git\misterious-game\documentation\Help\Working\BuildReferenceTopics.proj]
BuildAssembler : warning : ShowMissingComponent: [M:BattleField7Namespace.InitialGameClass.BattleGame.IsBomb(System.Int32,System.Int32)] Missing &lt;param name=&quot;row&quot;/&gt; documentation [D:\git\misterious-game\documentation\Help\Working\BuildReferenceTopics.proj]
BuildAssembler : warning : ShowMissingComponent: [M:BattleField7Namespace.InitialGameClass.BattleGame.IsBomb(System.Int32,System.Int32)] Missing &lt;param name=&quot;column&quot;/&gt; documentation [D:\git\misterious-game\documentation\Help\Working\BuildReferenceTopics.proj]
BuildAssembler : warning : ShowMissingComponent: [F:BattleField7Namespace.InitialGameClass.BattleGame.minesCleared] Missing &lt;summary&gt; documentation [D:\git\misterious-game\documentation\Help\Working\BuildReferenceTopics.proj]
BuildAssembler : warning : ShowMissingComponent: [F:BattleField7Namespace.InitialGameClass.BattleGame.minesDeployed] Missing &lt;summary&gt; documentation [D:\git\misterious-game\documentation\Help\Working\BuildReferenceTopics.proj]
BuildAssembler : warning : ShowMissingComponent: [F:BattleField7Namespace.InitialGameClass.BattleGame.minesExploded] Missing &lt;summary&gt; documentation [D:\git\misterious-game\documentation\Help\Working\BuildReferenceTopics.proj]
BuildAssembler : warning : ShowMissingComponent: [M:BattleField7Namespace.InitialGameClass.BattleGame.PlantMines] Missing &lt;summary&gt; documentation [D:\git\misterious-game\documentation\Help\Working\BuildReferenceTopics.proj]
BuildAssembler : warning : ShowMissingComponent: [M:BattleField7Namespace.InitialGameClass.BattleGame.ReadFieldSize] Missing &lt;summary&gt; documentation [D:\git\misterious-game\documentation\Help\Working\BuildReferenceTopics.proj]
BuildAssembler : warning : ShowMissingComponent: [M:BattleField7Namespace.InitialGameClass.BattleGame.ReadFieldSize] Missing &lt;returns&gt; documentation [D:\git\misterious-game\documentation\Help\Working\BuildReferenceTopics.proj]
BuildAssembler : warning : ShowMissingComponent: [M:BattleField7Namespace.InitialGameClass.BattleGame.Start] Missing &lt;summary&gt; documentation [D:\git\misterious-game\documentation\Help\Working\BuildReferenceTopics.proj]
BuildAssembler : warning : ShowMissingComponent: [M:BattleField7Namespace.InitialGameClass.BattleGame.StraightSplash(System.Int32,System.Int32,System.Int32)] Missing &lt;param name=&quot;row&quot;/&gt; documentation [D:\git\misterious-game\documentation\Help\Working\BuildReferenceTopics.proj]
BuildAssembler : warning : ShowMissingComponent: [M:BattleField7Namespace.InitialGameClass.BattleGame.StraightSplash(System.Int32,System.Int32,System.Int32)] Missing &lt;param name=&quot;column&quot;/&gt; documentation [D:\git\misterious-game\documentation\Help\Working\BuildReferenceTopics.proj]
BuildAssembler : warning : ShowMissingComponent: [M:BattleField7Namespace.InitialGameClass.BattleGame.StraightSplash(System.Int32,System.Int32,System.Int32)] Missing &lt;param name=&quot;range&quot;/&gt; documentation [D:\git\misterious-game\documentation\Help\Working\BuildReferenceTopics.proj]
BuildAssembler : warning : ShowMissingComponent: [M:BattleField7Namespace.InitialGameClass.BattleGame.ValidCoordinates(System.Int32,System.Int32)] Missing &lt;returns&gt; documentation [D:\git\misterious-game\documentation\Help\Working\BuildReferenceTopics.proj]
BuildAssembler : warning : ShowMissingComponent: [M:BattleField7Namespace.InitialGameClass.BattleGame.ValidCoordinates(System.Int32,System.Int32)] Missing &lt;param name=&quot;row&quot;/&gt; documentation [D:\git\misterious-game\documentation\Help\Working\BuildReferenceTopics.proj]
BuildAssembler : warning : ShowMissingComponent: [M:BattleField7Namespace.InitialGameClass.BattleGame.ValidCoordinates(System.Int32,System.Int32)] Missing &lt;param name=&quot;column&quot;/&gt; documentation [D:\git\misterious-game\documentation\Help\Working\BuildReferenceTopics.proj]
  Processed 170 topic(s)
  75 warning(s)
  CopyFromIndexComponent: &quot;reflection&quot; in-memory cache entries used: 5 of 15.
  CopyFromIndexComponent: &quot;comments&quot; in-memory cache entries used: 4 of 30.
Done Building Project &quot;D:\git\misterious-game\documentation\Help\Working\BuildReferenceTopics.proj&quot; (default targets).

Build succeeded.

Time Elapsed 00:00:47.46
    Last step completed in 00:00:47.7061
</buildStep>
<buildStep step="CombiningIntermediateTocFiles">
Combining conceptual and API intermediate TOC files...

Clearing any prior web output
    Last step completed in 00:00:00.1406
</buildStep>
<buildStep step="ExtractingHtmlInfo">
Extracting HTML info for HTML Help 1 and/or website...
[C:\Windows\Microsoft.NET\Framework\v4.0.30319\MSBuild.exe]
Sandcastle Help File Builder, version 2014.5.31.0
Copyright c 2006-2014, Eric Woodruff, All Rights Reserved
E-Mail: Eric@EWoodruff.us

Using LCID &#39;1033&#39;, code page &#39;65001&#39;, encoding charset &#39;UTF-8&#39;.

Processing Help 1 files in D:\git\misterious-game\documentation\Help\Working\Output\HtmlHelp1
Processed 170 HTML files
Sorting keywords and generating See Also indices
Saving HTML Help 1 keyword index to D:\git\misterious-game\documentation\Help\Working\Documentation.hhk
Saving HTML Help 1 table of contents to D:\git\misterious-game\documentation\Help\Working\Documentation.hhc

Processing website files in D:\git\misterious-game\documentation\Help\Working\Output\Website
Processed 170 HTML files
Sorting keywords and generating See Also indices
Saving website keyword index to D:\git\misterious-game\documentation\Help\Working\WebKI.xml
Saving website table of contents to D:\git\misterious-game\documentation\Help\Working\WebTOC.xml
    Last step completed in 00:00:01.0068
</buildStep>
<buildStep step="CopyStandardHelpContent">
Copying standard help content...
D:\Program Files\EWSoftware\Sandcastle Help File Builder\PresentationStyles\VS2013\icons\AlertCaution.png -&gt; D:\git\misterious-game\documentation\Help\Working\Output\HtmlHelp1\icons\AlertCaution.png
D:\Program Files\EWSoftware\Sandcastle Help File Builder\PresentationStyles\VS2013\icons\AlertNote.png -&gt; D:\git\misterious-game\documentation\Help\Working\Output\HtmlHelp1\icons\AlertNote.png
D:\Program Files\EWSoftware\Sandcastle Help File Builder\PresentationStyles\VS2013\icons\AlertSecurity.png -&gt; D:\git\misterious-game\documentation\Help\Working\Output\HtmlHelp1\icons\AlertSecurity.png
D:\Program Files\EWSoftware\Sandcastle Help File Builder\PresentationStyles\VS2013\icons\CFW.gif -&gt; D:\git\misterious-game\documentation\Help\Working\Output\HtmlHelp1\icons\CFW.gif
D:\Program Files\EWSoftware\Sandcastle Help File Builder\PresentationStyles\VS2013\icons\CodeExample.png -&gt; D:\git\misterious-game\documentation\Help\Working\Output\HtmlHelp1\icons\CodeExample.png
D:\Program Files\EWSoftware\Sandcastle Help File Builder\PresentationStyles\VS2013\icons\favicon.ico -&gt; D:\git\misterious-game\documentation\Help\Working\Output\HtmlHelp1\icons\favicon.ico
D:\Program Files\EWSoftware\Sandcastle Help File Builder\PresentationStyles\VS2013\icons\privclass.gif -&gt; D:\git\misterious-game\documentation\Help\Working\Output\HtmlHelp1\icons\privclass.gif
D:\Program Files\EWSoftware\Sandcastle Help File Builder\PresentationStyles\VS2013\icons\privdelegate.gif -&gt; D:\git\misterious-game\documentation\Help\Working\Output\HtmlHelp1\icons\privdelegate.gif
D:\Program Files\EWSoftware\Sandcastle Help File Builder\PresentationStyles\VS2013\icons\privenumeration.gif -&gt; D:\git\misterious-game\documentation\Help\Working\Output\HtmlHelp1\icons\privenumeration.gif
D:\Program Files\EWSoftware\Sandcastle Help File Builder\PresentationStyles\VS2013\icons\privevent.gif -&gt; D:\git\misterious-game\documentation\Help\Working\Output\HtmlHelp1\icons\privevent.gif
D:\Program Files\EWSoftware\Sandcastle Help File Builder\PresentationStyles\VS2013\icons\privextension.gif -&gt; D:\git\misterious-game\documentation\Help\Working\Output\HtmlHelp1\icons\privextension.gif
D:\Program Files\EWSoftware\Sandcastle Help File Builder\PresentationStyles\VS2013\icons\privfield.gif -&gt; D:\git\misterious-game\documentation\Help\Working\Output\HtmlHelp1\icons\privfield.gif
D:\Program Files\EWSoftware\Sandcastle Help File Builder\PresentationStyles\VS2013\icons\privinterface.gif -&gt; D:\git\misterious-game\documentation\Help\Working\Output\HtmlHelp1\icons\privinterface.gif
D:\Program Files\EWSoftware\Sandcastle Help File Builder\PresentationStyles\VS2013\icons\privmethod.gif -&gt; D:\git\misterious-game\documentation\Help\Working\Output\HtmlHelp1\icons\privmethod.gif
D:\Program Files\EWSoftware\Sandcastle Help File Builder\PresentationStyles\VS2013\icons\privproperty.gif -&gt; D:\git\misterious-game\documentation\Help\Working\Output\HtmlHelp1\icons\privproperty.gif
D:\Program Files\EWSoftware\Sandcastle Help File Builder\PresentationStyles\VS2013\icons\privstructure.gif -&gt; D:\git\misterious-game\documentation\Help\Working\Output\HtmlHelp1\icons\privstructure.gif
D:\Program Files\EWSoftware\Sandcastle Help File Builder\PresentationStyles\VS2013\icons\protclass.gif -&gt; D:\git\misterious-game\documentation\Help\Working\Output\HtmlHelp1\icons\protclass.gif
D:\Program Files\EWSoftware\Sandcastle Help File Builder\PresentationStyles\VS2013\icons\protdelegate.gif -&gt; D:\git\misterious-game\documentation\Help\Working\Output\HtmlHelp1\icons\protdelegate.gif
D:\Program Files\EWSoftware\Sandcastle Help File Builder\PresentationStyles\VS2013\icons\protenumeration.gif -&gt; D:\git\misterious-game\documentation\Help\Working\Output\HtmlHelp1\icons\protenumeration.gif
D:\Program Files\EWSoftware\Sandcastle Help File Builder\PresentationStyles\VS2013\icons\protevent.gif -&gt; D:\git\misterious-game\documentation\Help\Working\Output\HtmlHelp1\icons\protevent.gif
D:\Program Files\EWSoftware\Sandcastle Help File Builder\PresentationStyles\VS2013\icons\protextension.gif -&gt; D:\git\misterious-game\documentation\Help\Working\Output\HtmlHelp1\icons\protextension.gif
D:\Program Files\EWSoftware\Sandcastle Help File Builder\PresentationStyles\VS2013\icons\protfield.gif -&gt; D:\git\misterious-game\documentation\Help\Working\Output\HtmlHelp1\icons\protfield.gif
D:\Program Files\EWSoftware\Sandcastle Help File Builder\PresentationStyles\VS2013\icons\protinterface.gif -&gt; D:\git\misterious-game\documentation\Help\Working\Output\HtmlHelp1\icons\protinterface.gif
D:\Program Files\EWSoftware\Sandcastle Help File Builder\PresentationStyles\VS2013\icons\protmethod.gif -&gt; D:\git\misterious-game\documentation\Help\Working\Output\HtmlHelp1\icons\protmethod.gif
D:\Program Files\EWSoftware\Sandcastle Help File Builder\PresentationStyles\VS2013\icons\protoperator.gif -&gt; D:\git\misterious-game\documentation\Help\Working\Output\HtmlHelp1\icons\protoperator.gif
D:\Program Files\EWSoftware\Sandcastle Help File Builder\PresentationStyles\VS2013\icons\protproperty.gif -&gt; D:\git\misterious-game\documentation\Help\Working\Output\HtmlHelp1\icons\protproperty.gif
D:\Program Files\EWSoftware\Sandcastle Help File Builder\PresentationStyles\VS2013\icons\protstructure.gif -&gt; D:\git\misterious-game\documentation\Help\Working\Output\HtmlHelp1\icons\protstructure.gif
D:\Program Files\EWSoftware\Sandcastle Help File Builder\PresentationStyles\VS2013\icons\pubclass.gif -&gt; D:\git\misterious-game\documentation\Help\Working\Output\HtmlHelp1\icons\pubclass.gif
D:\Program Files\EWSoftware\Sandcastle Help File Builder\PresentationStyles\VS2013\icons\pubdelegate.gif -&gt; D:\git\misterious-game\documentation\Help\Working\Output\HtmlHelp1\icons\pubdelegate.gif
D:\Program Files\EWSoftware\Sandcastle Help File Builder\PresentationStyles\VS2013\icons\pubenumeration.gif -&gt; D:\git\misterious-game\documentation\Help\Working\Output\HtmlHelp1\icons\pubenumeration.gif
D:\Program Files\EWSoftware\Sandcastle Help File Builder\PresentationStyles\VS2013\icons\pubevent.gif -&gt; D:\git\misterious-game\documentation\Help\Working\Output\HtmlHelp1\icons\pubevent.gif
D:\Program Files\EWSoftware\Sandcastle Help File Builder\PresentationStyles\VS2013\icons\pubextension.gif -&gt; D:\git\misterious-game\documentation\Help\Working\Output\HtmlHelp1\icons\pubextension.gif
D:\Program Files\EWSoftware\Sandcastle Help File Builder\PresentationStyles\VS2013\icons\pubfield.gif -&gt; D:\git\misterious-game\documentation\Help\Working\Output\HtmlHelp1\icons\pubfield.gif
D:\Program Files\EWSoftware\Sandcastle Help File Builder\PresentationStyles\VS2013\icons\pubinterface.gif -&gt; D:\git\misterious-game\documentation\Help\Working\Output\HtmlHelp1\icons\pubinterface.gif
D:\Program Files\EWSoftware\Sandcastle Help File Builder\PresentationStyles\VS2013\icons\pubmethod.gif -&gt; D:\git\misterious-game\documentation\Help\Working\Output\HtmlHelp1\icons\pubmethod.gif
D:\Program Files\EWSoftware\Sandcastle Help File Builder\PresentationStyles\VS2013\icons\puboperator.gif -&gt; D:\git\misterious-game\documentation\Help\Working\Output\HtmlHelp1\icons\puboperator.gif
D:\Program Files\EWSoftware\Sandcastle Help File Builder\PresentationStyles\VS2013\icons\pubproperty.gif -&gt; D:\git\misterious-game\documentation\Help\Working\Output\HtmlHelp1\icons\pubproperty.gif
D:\Program Files\EWSoftware\Sandcastle Help File Builder\PresentationStyles\VS2013\icons\pubstructure.gif -&gt; D:\git\misterious-game\documentation\Help\Working\Output\HtmlHelp1\icons\pubstructure.gif
D:\Program Files\EWSoftware\Sandcastle Help File Builder\PresentationStyles\VS2013\icons\SectionCollapsed.png -&gt; D:\git\misterious-game\documentation\Help\Working\Output\HtmlHelp1\icons\SectionCollapsed.png
D:\Program Files\EWSoftware\Sandcastle Help File Builder\PresentationStyles\VS2013\icons\SectionExpanded.png -&gt; D:\git\misterious-game\documentation\Help\Working\Output\HtmlHelp1\icons\SectionExpanded.png
D:\Program Files\EWSoftware\Sandcastle Help File Builder\PresentationStyles\VS2013\icons\slMobile.gif -&gt; D:\git\misterious-game\documentation\Help\Working\Output\HtmlHelp1\icons\slMobile.gif
D:\Program Files\EWSoftware\Sandcastle Help File Builder\PresentationStyles\VS2013\icons\static.gif -&gt; D:\git\misterious-game\documentation\Help\Working\Output\HtmlHelp1\icons\static.gif
D:\Program Files\EWSoftware\Sandcastle Help File Builder\PresentationStyles\VS2013\icons\xna.gif -&gt; D:\git\misterious-game\documentation\Help\Working\Output\HtmlHelp1\icons\xna.gif
D:\Program Files\EWSoftware\Sandcastle Help File Builder\PresentationStyles\VS2013\scripts\branding.js -&gt; D:\git\misterious-game\documentation\Help\Working\Output\HtmlHelp1\scripts\branding.js
D:\Program Files\EWSoftware\Sandcastle Help File Builder\PresentationStyles\VS2013\styles\branding-cs-CZ.css -&gt; D:\git\misterious-game\documentation\Help\Working\Output\HtmlHelp1\styles\branding-cs-CZ.css
D:\Program Files\EWSoftware\Sandcastle Help File Builder\PresentationStyles\VS2013\styles\branding-de-DE.css -&gt; D:\git\misterious-game\documentation\Help\Working\Output\HtmlHelp1\styles\branding-de-DE.css
D:\Program Files\EWSoftware\Sandcastle Help File Builder\PresentationStyles\VS2013\styles\branding-en-US.css -&gt; D:\git\misterious-game\documentation\Help\Working\Output\HtmlHelp1\styles\branding-en-US.css
D:\Program Files\EWSoftware\Sandcastle Help File Builder\PresentationStyles\VS2013\styles\branding-es-ES.css -&gt; D:\git\misterious-game\documentation\Help\Working\Output\HtmlHelp1\styles\branding-es-ES.css
D:\Program Files\EWSoftware\Sandcastle Help File Builder\PresentationStyles\VS2013\styles\branding-fr-FR.css -&gt; D:\git\misterious-game\documentation\Help\Working\Output\HtmlHelp1\styles\branding-fr-FR.css
D:\Program Files\EWSoftware\Sandcastle Help File Builder\PresentationStyles\VS2013\styles\branding-Help1.css -&gt; D:\git\misterious-game\documentation\Help\Working\Output\HtmlHelp1\styles\branding-Help1.css
D:\Program Files\EWSoftware\Sandcastle Help File Builder\PresentationStyles\VS2013\styles\branding-Help2.css -&gt; D:\git\misterious-game\documentation\Help\Working\Output\HtmlHelp1\styles\branding-Help2.css
D:\Program Files\EWSoftware\Sandcastle Help File Builder\PresentationStyles\VS2013\styles\branding-HelpViewer.css -&gt; D:\git\misterious-game\documentation\Help\Working\Output\HtmlHelp1\styles\branding-HelpViewer.css
D:\Program Files\EWSoftware\Sandcastle Help File Builder\PresentationStyles\VS2013\styles\branding-it-IT.css -&gt; D:\git\misterious-game\documentation\Help\Working\Output\HtmlHelp1\styles\branding-it-IT.css
D:\Program Files\EWSoftware\Sandcastle Help File Builder\PresentationStyles\VS2013\styles\branding-ja-JP.css -&gt; D:\git\misterious-game\documentation\Help\Working\Output\HtmlHelp1\styles\branding-ja-JP.css
D:\Program Files\EWSoftware\Sandcastle Help File Builder\PresentationStyles\VS2013\styles\branding-ko-KR.css -&gt; D:\git\misterious-game\documentation\Help\Working\Output\HtmlHelp1\styles\branding-ko-KR.css
D:\Program Files\EWSoftware\Sandcastle Help File Builder\PresentationStyles\VS2013\styles\branding-pl-PL.css -&gt; D:\git\misterious-game\documentation\Help\Working\Output\HtmlHelp1\styles\branding-pl-PL.css
D:\Program Files\EWSoftware\Sandcastle Help File Builder\PresentationStyles\VS2013\styles\branding-pt-BR.css -&gt; D:\git\misterious-game\documentation\Help\Working\Output\HtmlHelp1\styles\branding-pt-BR.css
D:\Program Files\EWSoftware\Sandcastle Help File Builder\PresentationStyles\VS2013\styles\branding-ru-RU.css -&gt; D:\git\misterious-game\documentation\Help\Working\Output\HtmlHelp1\styles\branding-ru-RU.css
D:\Program Files\EWSoftware\Sandcastle Help File Builder\PresentationStyles\VS2013\styles\branding-tr-TR.css -&gt; D:\git\misterious-game\documentation\Help\Working\Output\HtmlHelp1\styles\branding-tr-TR.css
D:\Program Files\EWSoftware\Sandcastle Help File Builder\PresentationStyles\VS2013\styles\branding-Website.css -&gt; D:\git\misterious-game\documentation\Help\Working\Output\HtmlHelp1\styles\branding-Website.css
D:\Program Files\EWSoftware\Sandcastle Help File Builder\PresentationStyles\VS2013\styles\branding-zh-CN.css -&gt; D:\git\misterious-game\documentation\Help\Working\Output\HtmlHelp1\styles\branding-zh-CN.css
D:\Program Files\EWSoftware\Sandcastle Help File Builder\PresentationStyles\VS2013\styles\branding-zh-TW.css -&gt; D:\git\misterious-game\documentation\Help\Working\Output\HtmlHelp1\styles\branding-zh-TW.css
D:\Program Files\EWSoftware\Sandcastle Help File Builder\PresentationStyles\VS2013\styles\branding.css -&gt; D:\git\misterious-game\documentation\Help\Working\Output\HtmlHelp1\styles\branding.css
D:\Program Files\EWSoftware\Sandcastle Help File Builder\PresentationStyles\VS2013\icons\AlertCaution.png -&gt; D:\git\misterious-game\documentation\Help\Working\Output\Website\icons\AlertCaution.png
D:\Program Files\EWSoftware\Sandcastle Help File Builder\PresentationStyles\VS2013\icons\AlertNote.png -&gt; D:\git\misterious-game\documentation\Help\Working\Output\Website\icons\AlertNote.png
D:\Program Files\EWSoftware\Sandcastle Help File Builder\PresentationStyles\VS2013\icons\AlertSecurity.png -&gt; D:\git\misterious-game\documentation\Help\Working\Output\Website\icons\AlertSecurity.png
D:\Program Files\EWSoftware\Sandcastle Help File Builder\PresentationStyles\VS2013\icons\CFW.gif -&gt; D:\git\misterious-game\documentation\Help\Working\Output\Website\icons\CFW.gif
D:\Program Files\EWSoftware\Sandcastle Help File Builder\PresentationStyles\VS2013\icons\CodeExample.png -&gt; D:\git\misterious-game\documentation\Help\Working\Output\Website\icons\CodeExample.png
D:\Program Files\EWSoftware\Sandcastle Help File Builder\PresentationStyles\VS2013\icons\favicon.ico -&gt; D:\git\misterious-game\documentation\Help\Working\Output\Website\icons\favicon.ico
D:\Program Files\EWSoftware\Sandcastle Help File Builder\PresentationStyles\VS2013\icons\privclass.gif -&gt; D:\git\misterious-game\documentation\Help\Working\Output\Website\icons\privclass.gif
D:\Program Files\EWSoftware\Sandcastle Help File Builder\PresentationStyles\VS2013\icons\privdelegate.gif -&gt; D:\git\misterious-game\documentation\Help\Working\Output\Website\icons\privdelegate.gif
D:\Program Files\EWSoftware\Sandcastle Help File Builder\PresentationStyles\VS2013\icons\privenumeration.gif -&gt; D:\git\misterious-game\documentation\Help\Working\Output\Website\icons\privenumeration.gif
D:\Program Files\EWSoftware\Sandcastle Help File Builder\PresentationStyles\VS2013\icons\privevent.gif -&gt; D:\git\misterious-game\documentation\Help\Working\Output\Website\icons\privevent.gif
D:\Program Files\EWSoftware\Sandcastle Help File Builder\PresentationStyles\VS2013\icons\privextension.gif -&gt; D:\git\misterious-game\documentation\Help\Working\Output\Website\icons\privextension.gif
D:\Program Files\EWSoftware\Sandcastle Help File Builder\PresentationStyles\VS2013\icons\privfield.gif -&gt; D:\git\misterious-game\documentation\Help\Working\Output\Website\icons\privfield.gif
D:\Program Files\EWSoftware\Sandcastle Help File Builder\PresentationStyles\VS2013\icons\privinterface.gif -&gt; D:\git\misterious-game\documentation\Help\Working\Output\Website\icons\privinterface.gif
D:\Program Files\EWSoftware\Sandcastle Help File Builder\PresentationStyles\VS2013\icons\privmethod.gif -&gt; D:\git\misterious-game\documentation\Help\Working\Output\Website\icons\privmethod.gif
D:\Program Files\EWSoftware\Sandcastle Help File Builder\PresentationStyles\VS2013\icons\privproperty.gif -&gt; D:\git\misterious-game\documentation\Help\Working\Output\Website\icons\privproperty.gif
D:\Program Files\EWSoftware\Sandcastle Help File Builder\PresentationStyles\VS2013\icons\privstructure.gif -&gt; D:\git\misterious-game\documentation\Help\Working\Output\Website\icons\privstructure.gif
D:\Program Files\EWSoftware\Sandcastle Help File Builder\PresentationStyles\VS2013\icons\protclass.gif -&gt; D:\git\misterious-game\documentation\Help\Working\Output\Website\icons\protclass.gif
D:\Program Files\EWSoftware\Sandcastle Help File Builder\PresentationStyles\VS2013\icons\protdelegate.gif -&gt; D:\git\misterious-game\documentation\Help\Working\Output\Website\icons\protdelegate.gif
D:\Program Files\EWSoftware\Sandcastle Help File Builder\PresentationStyles\VS2013\icons\protenumeration.gif -&gt; D:\git\misterious-game\documentation\Help\Working\Output\Website\icons\protenumeration.gif
D:\Program Files\EWSoftware\Sandcastle Help File Builder\PresentationStyles\VS2013\icons\protevent.gif -&gt; D:\git\misterious-game\documentation\Help\Working\Output\Website\icons\protevent.gif
D:\Program Files\EWSoftware\Sandcastle Help File Builder\PresentationStyles\VS2013\icons\protextension.gif -&gt; D:\git\misterious-game\documentation\Help\Working\Output\Website\icons\protextension.gif
D:\Program Files\EWSoftware\Sandcastle Help File Builder\PresentationStyles\VS2013\icons\protfield.gif -&gt; D:\git\misterious-game\documentation\Help\Working\Output\Website\icons\protfield.gif
D:\Program Files\EWSoftware\Sandcastle Help File Builder\PresentationStyles\VS2013\icons\protinterface.gif -&gt; D:\git\misterious-game\documentation\Help\Working\Output\Website\icons\protinterface.gif
D:\Program Files\EWSoftware\Sandcastle Help File Builder\PresentationStyles\VS2013\icons\protmethod.gif -&gt; D:\git\misterious-game\documentation\Help\Working\Output\Website\icons\protmethod.gif
D:\Program Files\EWSoftware\Sandcastle Help File Builder\PresentationStyles\VS2013\icons\protoperator.gif -&gt; D:\git\misterious-game\documentation\Help\Working\Output\Website\icons\protoperator.gif
D:\Program Files\EWSoftware\Sandcastle Help File Builder\PresentationStyles\VS2013\icons\protproperty.gif -&gt; D:\git\misterious-game\documentation\Help\Working\Output\Website\icons\protproperty.gif
D:\Program Files\EWSoftware\Sandcastle Help File Builder\PresentationStyles\VS2013\icons\protstructure.gif -&gt; D:\git\misterious-game\documentation\Help\Working\Output\Website\icons\protstructure.gif
D:\Program Files\EWSoftware\Sandcastle Help File Builder\PresentationStyles\VS2013\icons\pubclass.gif -&gt; D:\git\misterious-game\documentation\Help\Working\Output\Website\icons\pubclass.gif
D:\Program Files\EWSoftware\Sandcastle Help File Builder\PresentationStyles\VS2013\icons\pubdelegate.gif -&gt; D:\git\misterious-game\documentation\Help\Working\Output\Website\icons\pubdelegate.gif
D:\Program Files\EWSoftware\Sandcastle Help File Builder\PresentationStyles\VS2013\icons\pubenumeration.gif -&gt; D:\git\misterious-game\documentation\Help\Working\Output\Website\icons\pubenumeration.gif
D:\Program Files\EWSoftware\Sandcastle Help File Builder\PresentationStyles\VS2013\icons\pubevent.gif -&gt; D:\git\misterious-game\documentation\Help\Working\Output\Website\icons\pubevent.gif
D:\Program Files\EWSoftware\Sandcastle Help File Builder\PresentationStyles\VS2013\icons\pubextension.gif -&gt; D:\git\misterious-game\documentation\Help\Working\Output\Website\icons\pubextension.gif
D:\Program Files\EWSoftware\Sandcastle Help File Builder\PresentationStyles\VS2013\icons\pubfield.gif -&gt; D:\git\misterious-game\documentation\Help\Working\Output\Website\icons\pubfield.gif
D:\Program Files\EWSoftware\Sandcastle Help File Builder\PresentationStyles\VS2013\icons\pubinterface.gif -&gt; D:\git\misterious-game\documentation\Help\Working\Output\Website\icons\pubinterface.gif
D:\Program Files\EWSoftware\Sandcastle Help File Builder\PresentationStyles\VS2013\icons\pubmethod.gif -&gt; D:\git\misterious-game\documentation\Help\Working\Output\Website\icons\pubmethod.gif
D:\Program Files\EWSoftware\Sandcastle Help File Builder\PresentationStyles\VS2013\icons\puboperator.gif -&gt; D:\git\misterious-game\documentation\Help\Working\Output\Website\icons\puboperator.gif
D:\Program Files\EWSoftware\Sandcastle Help File Builder\PresentationStyles\VS2013\icons\pubproperty.gif -&gt; D:\git\misterious-game\documentation\Help\Working\Output\Website\icons\pubproperty.gif
D:\Program Files\EWSoftware\Sandcastle Help File Builder\PresentationStyles\VS2013\icons\pubstructure.gif -&gt; D:\git\misterious-game\documentation\Help\Working\Output\Website\icons\pubstructure.gif
D:\Program Files\EWSoftware\Sandcastle Help File Builder\PresentationStyles\VS2013\icons\SectionCollapsed.png -&gt; D:\git\misterious-game\documentation\Help\Working\Output\Website\icons\SectionCollapsed.png
D:\Program Files\EWSoftware\Sandcastle Help File Builder\PresentationStyles\VS2013\icons\SectionExpanded.png -&gt; D:\git\misterious-game\documentation\Help\Working\Output\Website\icons\SectionExpanded.png
D:\Program Files\EWSoftware\Sandcastle Help File Builder\PresentationStyles\VS2013\icons\slMobile.gif -&gt; D:\git\misterious-game\documentation\Help\Working\Output\Website\icons\slMobile.gif
D:\Program Files\EWSoftware\Sandcastle Help File Builder\PresentationStyles\VS2013\icons\static.gif -&gt; D:\git\misterious-game\documentation\Help\Working\Output\Website\icons\static.gif
D:\Program Files\EWSoftware\Sandcastle Help File Builder\PresentationStyles\VS2013\icons\xna.gif -&gt; D:\git\misterious-game\documentation\Help\Working\Output\Website\icons\xna.gif
D:\Program Files\EWSoftware\Sandcastle Help File Builder\PresentationStyles\VS2013\scripts\branding.js -&gt; D:\git\misterious-game\documentation\Help\Working\Output\Website\scripts\branding.js
D:\Program Files\EWSoftware\Sandcastle Help File Builder\PresentationStyles\VS2013\styles\branding-cs-CZ.css -&gt; D:\git\misterious-game\documentation\Help\Working\Output\Website\styles\branding-cs-CZ.css
D:\Program Files\EWSoftware\Sandcastle Help File Builder\PresentationStyles\VS2013\styles\branding-de-DE.css -&gt; D:\git\misterious-game\documentation\Help\Working\Output\Website\styles\branding-de-DE.css
D:\Program Files\EWSoftware\Sandcastle Help File Builder\PresentationStyles\VS2013\styles\branding-en-US.css -&gt; D:\git\misterious-game\documentation\Help\Working\Output\Website\styles\branding-en-US.css
D:\Program Files\EWSoftware\Sandcastle Help File Builder\PresentationStyles\VS2013\styles\branding-es-ES.css -&gt; D:\git\misterious-game\documentation\Help\Working\Output\Website\styles\branding-es-ES.css
D:\Program Files\EWSoftware\Sandcastle Help File Builder\PresentationStyles\VS2013\styles\branding-fr-FR.css -&gt; D:\git\misterious-game\documentation\Help\Working\Output\Website\styles\branding-fr-FR.css
D:\Program Files\EWSoftware\Sandcastle Help File Builder\PresentationStyles\VS2013\styles\branding-Help1.css -&gt; D:\git\misterious-game\documentation\Help\Working\Output\Website\styles\branding-Help1.css
D:\Program Files\EWSoftware\Sandcastle Help File Builder\PresentationStyles\VS2013\styles\branding-Help2.css -&gt; D:\git\misterious-game\documentation\Help\Working\Output\Website\styles\branding-Help2.css
D:\Program Files\EWSoftware\Sandcastle Help File Builder\PresentationStyles\VS2013\styles\branding-HelpViewer.css -&gt; D:\git\misterious-game\documentation\Help\Working\Output\Website\styles\branding-HelpViewer.css
D:\Program Files\EWSoftware\Sandcastle Help File Builder\PresentationStyles\VS2013\styles\branding-it-IT.css -&gt; D:\git\misterious-game\documentation\Help\Working\Output\Website\styles\branding-it-IT.css
D:\Program Files\EWSoftware\Sandcastle Help File Builder\PresentationStyles\VS2013\styles\branding-ja-JP.css -&gt; D:\git\misterious-game\documentation\Help\Working\Output\Website\styles\branding-ja-JP.css
D:\Program Files\EWSoftware\Sandcastle Help File Builder\PresentationStyles\VS2013\styles\branding-ko-KR.css -&gt; D:\git\misterious-game\documentation\Help\Working\Output\Website\styles\branding-ko-KR.css
D:\Program Files\EWSoftware\Sandcastle Help File Builder\PresentationStyles\VS2013\styles\branding-pl-PL.css -&gt; D:\git\misterious-game\documentation\Help\Working\Output\Website\styles\branding-pl-PL.css
D:\Program Files\EWSoftware\Sandcastle Help File Builder\PresentationStyles\VS2013\styles\branding-pt-BR.css -&gt; D:\git\misterious-game\documentation\Help\Working\Output\Website\styles\branding-pt-BR.css
D:\Program Files\EWSoftware\Sandcastle Help File Builder\PresentationStyles\VS2013\styles\branding-ru-RU.css -&gt; D:\git\misterious-game\documentation\Help\Working\Output\Website\styles\branding-ru-RU.css
D:\Program Files\EWSoftware\Sandcastle Help File Builder\PresentationStyles\VS2013\styles\branding-tr-TR.css -&gt; D:\git\misterious-game\documentation\Help\Working\Output\Website\styles\branding-tr-TR.css
D:\Program Files\EWSoftware\Sandcastle Help File Builder\PresentationStyles\VS2013\styles\branding-Website.css -&gt; D:\git\misterious-game\documentation\Help\Working\Output\Website\styles\branding-Website.css
D:\Program Files\EWSoftware\Sandcastle Help File Builder\PresentationStyles\VS2013\styles\branding-zh-CN.css -&gt; D:\git\misterious-game\documentation\Help\Working\Output\Website\styles\branding-zh-CN.css
D:\Program Files\EWSoftware\Sandcastle Help File Builder\PresentationStyles\VS2013\styles\branding-zh-TW.css -&gt; D:\git\misterious-game\documentation\Help\Working\Output\Website\styles\branding-zh-TW.css
D:\Program Files\EWSoftware\Sandcastle Help File Builder\PresentationStyles\VS2013\styles\branding.css -&gt; D:\git\misterious-game\documentation\Help\Working\Output\Website\styles\branding.css
D:\Program Files\EWSoftware\Sandcastle Help File Builder\PresentationStyles\VS2013\Web\index.html -&gt; D:\git\misterious-game\documentation\Help\Working\Output\Website\index.html
D:\Program Files\EWSoftware\Sandcastle Help File Builder\PresentationStyles\VS2013\Web\search.html -&gt; D:\git\misterious-game\documentation\Help\Working\Output\Website\search.html
D:\Program Files\EWSoftware\Sandcastle Help File Builder\PresentationStyles\VS2013\Web\SearchHelp.aspx -&gt; D:\git\misterious-game\documentation\Help\Working\Output\Website\SearchHelp.aspx
D:\Program Files\EWSoftware\Sandcastle Help File Builder\PresentationStyles\VS2013\Web\SearchHelp.inc.php -&gt; D:\git\misterious-game\documentation\Help\Working\Output\Website\SearchHelp.inc.php
D:\Program Files\EWSoftware\Sandcastle Help File Builder\PresentationStyles\VS2013\Web\SearchHelp.php -&gt; D:\git\misterious-game\documentation\Help\Working\Output\Website\SearchHelp.php
D:\Program Files\EWSoftware\Sandcastle Help File Builder\PresentationStyles\VS2013\Web\Web.Config -&gt; D:\git\misterious-game\documentation\Help\Working\Output\Website\Web.Config
D:\Program Files\EWSoftware\Sandcastle Help File Builder\PresentationStyles\VS2013\Web\icons\Search.png -&gt; D:\git\misterious-game\documentation\Help\Working\Output\Website\icons\Search.png
D:\Program Files\EWSoftware\Sandcastle Help File Builder\PresentationStyles\VS2013\Web\icons\TocClose.gif -&gt; D:\git\misterious-game\documentation\Help\Working\Output\Website\icons\TocClose.gif
D:\Program Files\EWSoftware\Sandcastle Help File Builder\PresentationStyles\VS2013\Web\icons\TocCollapsed.gif -&gt; D:\git\misterious-game\documentation\Help\Working\Output\Website\icons\TocCollapsed.gif
D:\Program Files\EWSoftware\Sandcastle Help File Builder\PresentationStyles\VS2013\Web\icons\TocExpanded.gif -&gt; D:\git\misterious-game\documentation\Help\Working\Output\Website\icons\TocExpanded.gif
D:\Program Files\EWSoftware\Sandcastle Help File Builder\PresentationStyles\VS2013\Web\icons\TocOpen.gif -&gt; D:\git\misterious-game\documentation\Help\Working\Output\Website\icons\TocOpen.gif
D:\Program Files\EWSoftware\Sandcastle Help File Builder\PresentationStyles\VS2013\Web\scripts\branding-Website.js -&gt; D:\git\misterious-game\documentation\Help\Working\Output\Website\scripts\branding-Website.js
D:\Program Files\EWSoftware\Sandcastle Help File Builder\PresentationStyles\VS2013\Web\scripts\jquery-1.11.0.min.js -&gt; D:\git\misterious-game\documentation\Help\Working\Output\Website\scripts\jquery-1.11.0.min.js
    Last step completed in 00:00:01.5439
</buildStep>
<buildStep step="GenerateHelpFormatTableOfContents">
Generating HTML Help 1 table of contents file...
    Last step completed in 00:00:00.0039
</buildStep>
<buildStep step="GenerateHelpFileIndex">
Generating HTML Help 1 index file...
    Last step completed in 00:00:00.0039
</buildStep>
<buildStep step="GenerateHelpProject">
Generating HTML Help 1 project file...
    Last step completed in 00:00:00.0117
</buildStep>
<buildStep step="CompilingHelpFile">
Compiling HTML Help 1 file...
[C:\Windows\Microsoft.NET\Framework\v4.0.30319\MSBuild.exe]
  Microsoft HTML Help Compiler 4.74.8702
  
  
  
  Compiling d:\git\misterious-game\documentation\Help\Working\Output\HtmlHelp1\Documentation.chm
  
  
  
  
  
  Compile time: 0 minutes, 5 seconds
  
  172	Topics
  
  1,783	Local links
  
  5,159	Internet links
  
  0	Graphics
  
  
  
  
  
  Created d:\git\misterious-game\documentation\Help\Working\Output\HtmlHelp1\Documentation.chm, 351,529 bytes
  
  Compression decreased file by 1,995,792 bytes.
  
    Last step completed in 00:00:06.7734
</buildStep>
<buildStep step="GenerateHelpFormatTableOfContents">
Generating website table of contents file...
    Last step completed in 00:00:00.0059
</buildStep>
<buildStep step="GenerateFullTextIndex">
Generating full-text index for the website...

<plugIn name="Lightweight Website Style" behavior="After" priority="1000">
Adding lightweight search and TOC elements to each topic...
</plugIn>    Last step completed in 00:00:02.4990
</buildStep>
<buildStep step="CopyingWebsiteFiles">
Copying website files to output folder...

Copied 100 files
Copied 200 files
Copied 300 files
Copied 322 files for the website content
    Last step completed in 00:00:00.4668
</buildStep>
<buildStep step="CleanIntermediates">
Removing intermediate files...
    Last step completed in 00:00:00.2412
</buildStep>
<buildStep step="Completed">

Build completed successfully at 07.13.2014 02:53 .  Total time: 00:01:09,3955

</buildStep>
</shfbBuild>
